03/16/2022 10:54:57 AM INFO :{'database': {'host': 'localhost', 'user': 'Vijeta109', 'password': 'Vijeta123', 'port': '27017', 'db': 'mongodb'}, 'execution_type': 'parallel', 'log_file': '/Users/vijetavamannayak/LinkedInProject/logs/etlprocess_20220316.log', 'process_timestamp': '20220316105457', 'config_file': '/Users/vijetavamannayak/LinkedInProject/scripts/driver/driver.json'}
03/16/2022 10:54:57 AM INFO :Creating Database connection
03/16/2022 10:54:57 AM INFO :Connection Successful
03/16/2022 10:54:57 AM INFO :The data is inserted into the database
03/16/2022 10:54:57 AM INFO :Creating Database connection for master
03/16/2022 10:55:11 AM INFO :Connection Successful
03/16/2022 10:55:14 AM INFO :The data is inserted into the database
03/16/2022 10:55:14 AM INFO :Creating Database connection for master
03/16/2022 10:56:27 AM INFO :{'database': {'host': 'localhost', 'user': 'Vijeta109', 'password': 'Vijeta123', 'port': '27017', 'db': 'mongodb'}, 'execution_type': 'parallel', 'log_file': '/Users/vijetavamannayak/LinkedInProject/logs/etlprocess_20220316.log', 'process_timestamp': '20220316105627', 'config_file': '/Users/vijetavamannayak/LinkedInProject/scripts/driver/driver.json'}
03/16/2022 10:56:27 AM INFO :Creating Database connection
03/16/2022 10:56:27 AM INFO :Connection Successful
03/16/2022 10:56:27 AM INFO :The data is inserted into the database
03/16/2022 10:56:27 AM INFO :Creating Database connection for master
03/16/2022 10:56:40 AM INFO :Connection Successful
03/16/2022 10:56:44 AM INFO :The data is inserted into the database
03/16/2022 10:56:44 AM INFO :Creating Database connection for master
03/16/2022 10:56:47 AM INFO :Connection Successful
03/16/2022 10:56:53 AM INFO :The data is inserted into the database
03/16/2022 11:10:21 AM INFO :{'database': {'host': 'localhost', 'user': 'Vijeta109', 'password': 'Vijeta123', 'port': '27017', 'db': 'mongodb'}, 'execution_type': 'parallel', 'log_file': '/Users/vijetavamannayak/LinkedInProject/logs/etlprocess_20220316.log', 'process_timestamp': '20220316111021', 'config_file': '/Users/vijetavamannayak/LinkedInProject/scripts/driver/driver.json'}
03/16/2022 11:10:21 AM INFO :Creating Database connection
03/16/2022 11:10:21 AM INFO :Connection Successful
03/16/2022 11:10:22 AM INFO :The data is inserted into the database
03/16/2022 11:10:22 AM INFO :Creating Database connection for master
03/16/2022 11:10:36 AM INFO :Connection Successful
03/16/2022 11:10:40 AM INFO :The data is inserted into the database
03/16/2022 11:10:40 AM INFO :Creating Database connection for master
03/16/2022 11:10:42 AM INFO :Connection Successful
03/16/2022 11:10:49 AM INFO :The data is inserted into the database
03/16/2022 11:20:00 AM INFO :{'database': {'host': 'localhost', 'user': 'Vijeta109', 'password': 'Vijeta123', 'port': '27017', 'db': 'mongodb'}, 'execution_type': 'parallel', 'log_file': '/Users/vijetavamannayak/LinkedInProject/logs/etlprocess_20220316.log', 'process_timestamp': '20220316112000', 'config_file': '/Users/vijetavamannayak/LinkedInProject/scripts/driver/driver.json'}
03/16/2022 11:20:00 AM INFO :Creating Database connection
03/16/2022 11:20:00 AM INFO :Connection Successful
03/16/2022 11:20:00 AM INFO :The data is inserted into the database
03/16/2022 11:20:00 AM INFO :Creating Database connection for master
03/16/2022 11:20:14 AM INFO :Connection Successful
03/16/2022 11:20:17 AM INFO :The data is inserted into the database
03/16/2022 11:20:17 AM INFO :Creating Database connection for master
03/16/2022 11:21:09 AM INFO :{'database': {'host': 'localhost', 'user': 'Vijeta109', 'password': 'Vijeta123', 'port': '27017', 'db': 'mongodb'}, 'execution_type': 'parallel', 'log_file': '/Users/vijetavamannayak/LinkedInProject/logs/etlprocess_20220316.log', 'process_timestamp': '20220316112109', 'config_file': '/Users/vijetavamannayak/LinkedInProject/scripts/driver/driver.json'}
03/16/2022 11:21:09 AM INFO :Creating Database connection
03/16/2022 11:21:09 AM INFO :Connection Successful
03/16/2022 11:21:09 AM INFO :The data is inserted into the database
03/16/2022 11:21:09 AM INFO :Creating Database connection for master
03/16/2022 11:21:23 AM INFO :Connection Successful
03/16/2022 11:21:26 AM INFO :The data is inserted into the database
03/16/2022 11:21:26 AM INFO :Creating Database connection for master
03/16/2022 11:21:29 AM INFO :Connection Successful
03/16/2022 11:21:35 AM INFO :The data is inserted into the database
03/16/2022 11:27:37 AM INFO :{'database': {'host': 'localhost', 'user': 'Vijeta109', 'password': 'Vijeta123', 'port': '27017', 'db': 'mongodb'}, 'execution_type': 'parallel', 'log_file': '/Users/vijetavamannayak/LinkedInProject/logs/etlprocess_20220316.log', 'process_timestamp': '20220316112737', 'config_file': '/Users/vijetavamannayak/LinkedInProject/scripts/driver/driver.json'}
03/16/2022 11:27:37 AM INFO :Creating Database connection
03/16/2022 11:27:37 AM INFO :Connection Successful
03/16/2022 11:27:37 AM INFO :The data is inserted into the database
03/16/2022 11:27:37 AM INFO :Creating Database connection for master
03/16/2022 11:27:52 AM INFO :Connection Successful
03/16/2022 11:27:55 AM INFO :The data is inserted into the database
03/16/2022 11:27:55 AM INFO :Creating Database connection for master
03/16/2022 11:27:58 AM INFO :Connection Successful
03/16/2022 11:28:05 AM INFO :The data is inserted into the database
03/16/2022 11:36:42 AM INFO :{'database': {'host': 'localhost', 'user': 'Vijeta109', 'password': 'Vijeta123', 'port': '27017', 'db': 'mongodb'}, 'execution_type': 'parallel', 'log_file': '/Users/vijetavamannayak/LinkedInProject/logs/etlprocess_20220316.log', 'process_timestamp': '20220316113642', 'config_file': '/Users/vijetavamannayak/LinkedInProject/scripts/driver/driver.json'}
03/16/2022 11:36:42 AM INFO :Creating Database connection
03/16/2022 11:36:42 AM INFO :Connection Successful
03/16/2022 11:36:42 AM INFO :The data is inserted into the database
03/16/2022 11:36:42 AM INFO :Creating Database connection for master
03/16/2022 11:36:58 AM INFO :Connection Successful
03/16/2022 11:37:02 AM INFO :The data is inserted into the database
03/16/2022 11:37:02 AM INFO :Creating Database connection for master
03/16/2022 11:38:48 AM INFO :{'database': {'host': 'localhost', 'user': 'Vijeta109', 'password': 'Vijeta123', 'port': '27017', 'db': 'mongodb'}, 'execution_type': 'parallel', 'log_file': '/Users/vijetavamannayak/LinkedInProject/logs/etlprocess_20220316.log', 'process_timestamp': '20220316113848', 'config_file': '/Users/vijetavamannayak/LinkedInProject/scripts/driver/driver.json'}
03/16/2022 11:38:48 AM INFO :Creating Database connection
03/16/2022 11:38:48 AM INFO :Connection Successful
03/16/2022 11:38:48 AM INFO :The data is inserted into the database
03/16/2022 11:38:48 AM INFO :Creating Database connection for master
03/16/2022 11:39:02 AM INFO :Connection Successful
03/16/2022 11:39:05 AM INFO :The data is inserted into the database
03/16/2022 11:39:05 AM INFO :Creating Database connection for master
03/16/2022 11:41:51 AM INFO :{'database': {'host': 'localhost', 'user': 'Vijeta109', 'password': 'Vijeta123', 'port': '27017', 'db': 'mongodb'}, 'execution_type': 'parallel', 'log_file': '/Users/vijetavamannayak/LinkedInProject/logs/etlprocess_20220316.log', 'process_timestamp': '20220316114151', 'config_file': '/Users/vijetavamannayak/LinkedInProject/scripts/driver/driver.json'}
03/16/2022 11:41:51 AM INFO :Creating Database connection
03/16/2022 11:41:51 AM INFO :Connection Successful
03/16/2022 11:41:51 AM INFO :The data is inserted into the database
03/16/2022 11:41:51 AM INFO :Creating Database connection for master
03/16/2022 11:42:05 AM INFO :Connection Successful
03/16/2022 11:42:09 AM INFO :The data is inserted into the database
03/16/2022 11:42:09 AM INFO :Creating Database connection for master
03/16/2022 11:42:12 AM INFO :Connection Successful
03/16/2022 11:42:19 AM INFO :The data is inserted into the database
03/16/2022 11:43:29 AM INFO :{'database': {'host': 'localhost', 'user': 'Vijeta109', 'password': 'Vijeta123', 'port': '27017', 'db': 'mongodb'}, 'execution_type': 'parallel', 'log_file': '/Users/vijetavamannayak/LinkedInProject/logs/etlprocess_20220316.log', 'process_timestamp': '20220316114329', 'config_file': '/Users/vijetavamannayak/LinkedInProject/scripts/driver/driver.json'}
03/16/2022 11:43:29 AM INFO :Creating Database connection
03/16/2022 11:43:29 AM INFO :Connection Successful
03/16/2022 11:43:29 AM INFO :The data is inserted into the database
03/16/2022 11:43:29 AM INFO :Creating Database connection for master
03/16/2022 11:43:43 AM INFO :Connection Successful
03/16/2022 11:43:47 AM INFO :The data is inserted into the database
03/16/2022 11:43:47 AM INFO :Creating Database connection for master
03/16/2022 11:45:08 AM INFO :{'database': {'host': 'localhost', 'user': 'Vijeta109', 'password': 'Vijeta123', 'port': '27017', 'db': 'mongodb'}, 'execution_type': 'parallel', 'log_file': '/Users/vijetavamannayak/LinkedInProject/logs/etlprocess_20220316.log', 'process_timestamp': '20220316114508', 'config_file': '/Users/vijetavamannayak/LinkedInProject/scripts/driver/driver.json'}
03/16/2022 11:45:08 AM INFO :Creating Database connection
03/16/2022 11:45:08 AM INFO :Connection Successful
03/16/2022 11:45:08 AM INFO :The data is inserted into the database
03/16/2022 11:45:08 AM INFO :Creating Database connection for master
03/16/2022 11:45:22 AM INFO :Connection Successful
03/16/2022 11:45:25 AM INFO :The data is inserted into the database
03/16/2022 11:45:25 AM INFO :Creating Database connection for master
03/16/2022 11:45:28 AM INFO :Connection Successful
03/16/2022 11:45:35 AM INFO :The data is inserted into the database
03/16/2022 11:49:17 AM INFO :{'database': {'host': 'localhost', 'user': 'Vijeta109', 'password': 'Vijeta123', 'port': '27017', 'db': 'mongodb'}, 'execution_type': 'parallel', 'log_file': '/Users/vijetavamannayak/LinkedInProject/logs/etlprocess_20220316.log', 'process_timestamp': '20220316114917', 'config_file': '/Users/vijetavamannayak/LinkedInProject/scripts/driver/driver.json'}
03/16/2022 11:49:17 AM INFO :Creating Database connection
03/16/2022 11:49:17 AM INFO :Connection Successful
03/16/2022 11:49:17 AM INFO :The data is inserted into the database
03/16/2022 11:49:17 AM INFO :Creating Database connection for master
03/16/2022 11:49:32 AM INFO :Connection Successful
03/16/2022 11:49:35 AM INFO :The data is inserted into the database
03/16/2022 11:49:35 AM INFO :Creating Database connection for master
03/16/2022 11:49:38 AM INFO :Connection Successful
03/16/2022 11:49:45 AM INFO :The data is inserted into the database
03/16/2022 11:51:47 AM INFO :{'database': {'host': 'localhost', 'user': 'Vijeta109', 'password': 'Vijeta123', 'port': '27017', 'db': 'mongodb'}, 'execution_type': 'parallel', 'log_file': '/Users/vijetavamannayak/LinkedInProject/logs/etlprocess_20220316.log', 'process_timestamp': '20220316115147', 'config_file': '/Users/vijetavamannayak/LinkedInProject/scripts/driver/driver.json'}
03/16/2022 11:51:47 AM INFO :Creating Database connection
03/16/2022 11:51:47 AM INFO :Connection Successful
03/16/2022 11:51:47 AM INFO :The data is inserted into the database
03/16/2022 11:51:47 AM INFO :Creating Database connection for master
03/16/2022 11:52:00 AM INFO :Connection Successful
03/16/2022 11:52:04 AM INFO :The data is inserted into the database
03/16/2022 11:52:04 AM INFO :Creating Database connection for master
03/16/2022 11:52:06 AM INFO :Connection Successful
03/16/2022 11:52:15 AM INFO :The data is inserted into the database
03/16/2022 12:24:14 PM INFO :{'database': {'host': 'localhost', 'user': 'Vijeta109', 'password': 'Vijeta123', 'port': '27017', 'db': 'mongodb'}, 'execution_type': 'parallel', 'log_file': '/Users/vijetavamannayak/LinkedInProject/logs/etlprocess_20220316.log', 'process_timestamp': '20220316122414', 'config_file': '/Users/vijetavamannayak/LinkedInProject/scripts/driver/driver.json'}
03/16/2022 12:24:14 PM INFO :Creating Database connection
03/16/2022 12:24:14 PM INFO :Connection Successful
03/16/2022 12:24:14 PM INFO :The data is inserted into the database
03/16/2022 12:24:14 PM INFO :Creating Database connection for master
03/16/2022 12:24:28 PM INFO :Connection Successful
03/16/2022 12:24:32 PM INFO :The data is inserted into the database
03/16/2022 12:24:32 PM INFO :Creating Database connection for master
03/16/2022 12:24:34 PM INFO :Connection Successful
03/16/2022 12:24:47 PM INFO :The data is inserted into the database
03/16/2022 12:24:47 PM INFO :Creating Database connection for seniority level summarization
03/16/2022 12:26:09 PM INFO :{'database': {'host': 'localhost', 'user': 'Vijeta109', 'password': 'Vijeta123', 'port': '27017', 'db': 'mongodb'}, 'execution_type': 'parallel', 'log_file': '/Users/vijetavamannayak/LinkedInProject/logs/etlprocess_20220316.log', 'process_timestamp': '20220316122609', 'config_file': '/Users/vijetavamannayak/LinkedInProject/scripts/driver/driver.json'}
03/16/2022 12:26:09 PM INFO :Creating Database connection
03/16/2022 12:26:09 PM INFO :Connection Successful
03/16/2022 12:26:09 PM INFO :The data is inserted into the database
03/16/2022 12:26:09 PM INFO :Creating Database connection for master
03/16/2022 12:26:22 PM INFO :Connection Successful
03/16/2022 12:26:26 PM INFO :The data is inserted into the database
03/16/2022 12:26:26 PM INFO :Creating Database connection for master
03/16/2022 12:26:29 PM INFO :Connection Successful
03/16/2022 12:26:40 PM INFO :The data is inserted into the database
03/16/2022 12:26:40 PM INFO :Creating Database connection for seniority level summarization
03/16/2022 02:12:48 PM INFO :{'database': {'host': 'localhost', 'user': 'Vijeta109', 'password': 'Vijeta123', 'port': '27017', 'db': 'mongodb'}, 'execution_type': 'parallel', 'log_file': '/Users/vijetavamannayak/LinkedInProject/logs/etlprocess_20220316.log', 'process_timestamp': '20220316141248', 'config_file': '/Users/vijetavamannayak/LinkedInProject/scripts/driver/driver.json'}
03/16/2022 02:12:48 PM INFO :Creating Database connection
03/16/2022 02:12:48 PM INFO :Connection Successful
03/16/2022 02:12:48 PM INFO :The data is inserted into the database
03/16/2022 02:12:48 PM INFO :Creating Database connection for master
03/16/2022 02:13:02 PM INFO :Connection Successful
03/16/2022 02:13:06 PM INFO :The data is inserted into the database
03/16/2022 02:13:06 PM INFO :Creating Database connection for master
03/16/2022 02:13:08 PM INFO :Connection Successful
03/16/2022 02:13:16 PM INFO :The data is inserted into the database
03/16/2022 02:13:16 PM INFO :Creating Database connection for seniority level summarization
03/16/2022 02:19:32 PM INFO :{'database': {'host': 'localhost', 'user': 'Vijeta109', 'password': 'Vijeta123', 'port': '27017', 'db': 'mongodb'}, 'execution_type': 'parallel', 'log_file': '/Users/vijetavamannayak/LinkedInProject/logs/etlprocess_20220316.log', 'process_timestamp': '20220316141932', 'config_file': '/Users/vijetavamannayak/LinkedInProject/scripts/driver/driver.json'}
03/16/2022 02:19:32 PM INFO :Creating Database connection
03/16/2022 02:19:32 PM INFO :Connection Successful
03/16/2022 02:19:32 PM INFO :The data is inserted into the database
03/16/2022 02:19:32 PM INFO :Creating Database connection for master
03/16/2022 02:19:46 PM INFO :Connection Successful
03/16/2022 02:19:50 PM INFO :The data is inserted into the database
03/16/2022 02:19:50 PM INFO :Creating Database connection for master
03/16/2022 02:19:53 PM INFO :Connection Successful
03/16/2022 02:20:02 PM INFO :The data is inserted into the database
03/16/2022 02:20:02 PM INFO :Creating Database connection for seniority level summarization
03/16/2022 02:21:07 PM INFO :{'database': {'host': 'localhost', 'user': 'Vijeta109', 'password': 'Vijeta123', 'port': '27017', 'db': 'mongodb'}, 'execution_type': 'parallel', 'log_file': '/Users/vijetavamannayak/LinkedInProject/logs/etlprocess_20220316.log', 'process_timestamp': '20220316142107', 'config_file': '/Users/vijetavamannayak/LinkedInProject/scripts/driver/driver.json'}
03/16/2022 02:21:07 PM INFO :Creating Database connection
03/16/2022 02:21:07 PM INFO :Connection Successful
03/16/2022 02:21:07 PM INFO :The data is inserted into the database
03/16/2022 02:21:07 PM INFO :Creating Database connection for master
03/16/2022 02:21:20 PM INFO :Connection Successful
03/16/2022 02:21:24 PM INFO :The data is inserted into the database
03/16/2022 02:21:24 PM INFO :Creating Database connection for master
03/16/2022 02:21:27 PM INFO :Connection Successful
03/16/2022 02:21:35 PM INFO :The data is inserted into the database
03/16/2022 02:21:35 PM INFO :Creating Database connection for seniority level summarization
03/16/2022 02:21:37 PM INFO :Connection Successful
03/16/2022 02:21:39 PM INFO :The data is inserted into the database
